<?xml version="1.0" encoding="UTF-8"?>
<testng-results skipped="0" failed="0" ignored="0" total="1" passed="1">
  <reporter-output>
  </reporter-output>
  <suite name="Default suite" duration-ms="9830" started-at="2024-06-19T16:48:07Z" finished-at="2024-06-19T16:48:17Z">
    <groups>
    </groups>
    <test name="Default test" duration-ms="9830" started-at="2024-06-19T16:48:07Z" finished-at="2024-06-19T16:48:17Z">
      <class name="com.jbk.demotest12">
        <test-method status="PASS" signature="test01()[pri:0, instance:com.jbk.demotest12@6767c1fc]" name="test01" duration-ms="9807" started-at="2024-06-19T16:48:07Z" finished-at="2024-06-19T16:48:17Z">
          <reporter-output>
          </reporter-output>
        </test-method> <!-- test01 -->
      </class> <!-- com.jbk.demotest12 -->
    </test> <!-- Default test -->
  </suite> <!-- Default suite -->
</testng-results>
